nohup: ignoring input
[dotenv@17.3.1] injecting env (1) from .env -- tip: ⚙️  suppress all logs with { quiet: true }
/data/data/com.termux/files/home/FMDash/node_modules/path-to-regexp/dist/index.js:96
            throw new PathError(`Missing parameter name at index ${index}`, str);
            ^

PathError [TypeError]: Missing parameter name at index 1: *; visit https://git.new/pathToRegexpError for info
    at name (/data/data/com.termux/files/home/FMDash/node_modules/path-to-regexp/dist/index.js:96:19)
    at parse (/data/data/com.termux/files/home/FMDash/node_modules/path-to-regexp/dist/index.js:113:68)
    at pathToRegexp (/data/data/com.termux/files/home/FMDash/node_modules/path-to-regexp/dist/index.js:267:58)
    at Object.match (/data/data/com.termux/files/home/FMDash/node_modules/path-to-regexp/dist/index.js:237:30)
    at matcher (/data/data/com.termux/files/home/FMDash/node_modules/router/lib/layer.js:86:23)
    at new Layer (/data/data/com.termux/files/home/FMDash/node_modules/router/lib/layer.js:93:62)
    at router.route (/data/data/com.termux/files/home/FMDash/node_modules/router/index.js:428:17)
    at app.route (/data/data/com.termux/files/home/FMDash/node_modules/express/lib/application.js:257:22)
    at app.<computed> [as get] (/data/data/com.termux/files/home/FMDash/node_modules/express/lib/application.js:478:22)
    at Object.<anonymous> (/data/data/com.termux/files/home/FMDash/server.js:16:5) {
  originalPath: '*'
}

Node.js v25.8.0
Thu Mar 12 11:46:08 WAT 2026 ⏳ Route not live yet (HTTP 404). Retrying in 10s...
Thu Mar 12 11:46:10 WAT 2026 ⏳ Route not live yet (HTTP 404). Retrying in 10s...
Thu Mar 12 11:46:19 WAT 2026 ⏳ Route not live yet (HTTP 404). Retrying in 10s...
Thu Mar 12 11:46:21 WAT 2026 ⏳ Route not live yet (HTTP 404). Retrying in 10s...
Thu Mar 12 11:48:14 WAT 2026 ⏳ Route not live yet (HTTP 404). Retrying in 10s...
Thu Mar 12 11:48:14 WAT 2026 ⏳ Route not live yet (HTTP 404). Retrying in 10s...
Thu Mar 12 11:48:19 WAT 2026 ⏳ Route not live yet (HTTP 404). Retrying in 10s...
Thu Mar 12 11:48:24 WAT 2026 ⏳ Route not live yet (HTTP 404). Retrying in 10s...
Thu Mar 12 11:48:30 WAT 2026 ⏳ Route not live yet (HTTP 404). Retrying in 10s...
Thu Mar 12 11:48:35 WAT 2026 ⏳ Route not live yet (HTTP 404). Retrying in 10s...
Thu Mar 12 11:48:41 WAT 2026 ⏳ Route not live yet (HTTP 404). Retrying in 10s...
Thu Mar 12 11:48:46 WAT 2026 ⏳ Route not live yet (HTTP 404). Retrying in 10s...
Thu Mar 12 11:52:56 WAT 2026 ⏳ Route not live yet (HTTP 404). Retrying in 10s...
Thu Mar 12 11:53:21 WAT 2026 ⏳ Route not live yet (HTTP 404). Retrying in 10s...
Thu Mar 12 11:53:33 WAT 2026 ⏳ Route not live yet (HTTP 404). Retrying in 10s...
Thu Mar 12 11:53:44 WAT 2026 ⏳ Route not live yet (HTTP 404). Retrying in 10s...
Thu Mar 12 11:53:56 WAT 2026 ⏳ Route not live yet (HTTP 404). Retrying in 10s...
Thu Mar 12 11:55:04 WAT 2026 ⏳ Route not live yet (HTTP 404). Retrying in 10s...
Thu Mar 12 11:55:14 WAT 2026 ⏳ Route not live yet (HTTP 404). Retrying in 10s...
Thu Mar 12 11:56:07 WAT 2026 ⏳ Route not live yet (HTTP 404). Retrying in 10s...
Thu Mar 12 11:56:18 WAT 2026 ⏳ Route not live yet (HTTP 404). Retrying in 10s...
Thu Mar 12 11:56:28 WAT 2026 ⏳ Route not live yet (HTTP 404). Retrying in 10s...
Thu Mar 12 11:56:39 WAT 2026 ⏳ Route not live yet (HTTP 404). Retrying in 10s...
Thu Mar 12 11:56:50 WAT 2026 ⏳ Route not live yet (HTTP 404). Retrying in 10s...
Thu Mar 12 11:57:08 WAT 2026 ⏳ Route not live yet (HTTP 404). Retrying in 10s...
Thu Mar 12 11:57:19 WAT 2026 ⏳ Route not live yet (HTTP 404). Retrying in 10s...
Thu Mar 12 11:57:30 WAT 2026 ⏳ Route not live yet (HTTP 404). Retrying in 10s...
Thu Mar 12 11:58:01 WAT 2026 ⏳ Route not live yet (HTTP 404). Retrying in 10s...
Thu Mar 12 11:58:12 WAT 2026 ⏳ Route not live yet (HTTP 404). Retrying in 10s...
Thu Mar 12 12:03:55 WAT 2026 ⏳ Route not live yet (HTTP 404). Retrying in 10s...
Thu Mar 12 12:04:06 WAT 2026 ⏳ Route not live yet (HTTP 404). Retrying in 10s...
Thu Mar 12 12:04:16 WAT 2026 ⏳ Route not live yet (HTTP 404). Retrying in 10s...
Thu Mar 12 12:04:38 WAT 2026 ⏳ Route not live yet (HTTP 404). Retrying in 10s...
Thu Mar 12 12:04:49 WAT 2026 ⏳ Route not live yet (HTTP 404). Retrying in 10s...
Thu Mar 12 12:05:15 WAT 2026 ⏳ Route not live yet (HTTP 404). Retrying in 10s...
Thu Mar 12 12:05:26 WAT 2026 ⏳ Route not live yet (HTTP 404). Retrying in 10s...
Thu Mar 12 12:05:37 WAT 2026 ⏳ Route not live yet (HTTP 404). Retrying in 10s...
Thu Mar 12 12:07:31 WAT 2026 ⏳ Route not live yet (HTTP 404). Retrying in 10s...
Thu Mar 12 12:08:36 WAT 2026 ⏳ Route not live yet (HTTP 404). Retrying in 10s...
Thu Mar 12 12:08:47 WAT 2026 ⏳ Route not live yet (HTTP 404). Retrying in 10s...
Thu Mar 12 12:20:07 WAT 2026 ⏳ Route not live yet (HTTP 000). Retrying in 10s...
Thu Mar 12 12:20:28 WAT 2026 ⏳ Route not live yet (HTTP 404). Retrying in 10s...
Thu Mar 12 12:25:22 WAT 2026 ⏳ Route not live yet (HTTP 404). Retrying in 10s...
Thu Mar 12 12:26:28 WAT 2026 ⏳ Route not live yet (HTTP 404). Retrying in 10s...
Thu Mar 12 12:26:39 WAT 2026 ⏳ Route not live yet (HTTP 404). Retrying in 10s...
Thu Mar 12 12:26:50 WAT 2026 ⏳ Route not live yet (HTTP 404). Retrying in 10s...
Thu Mar 12 12:28:55 WAT 2026 ⏳ Route not live yet (HTTP 404). Retrying in 10s...
Thu Mar 12 12:29:06 WAT 2026 ⏳ Route not live yet (HTTP 404). Retrying in 10s...
Thu Mar 12 12:29:16 WAT 2026 ⏳ Route not live yet (HTTP 404). Retrying in 10s...
Thu Mar 12 12:29:27 WAT 2026 ⏳ Route not live yet (HTTP 404). Retrying in 10s...
Thu Mar 12 12:29:38 WAT 2026 ⏳ Route not live yet (HTTP 404). Retrying in 10s...
Thu Mar 12 12:30:00 WAT 2026 ⏳ Route not live yet (HTTP 404). Retrying in 10s...
Thu Mar 12 12:30:17 WAT 2026 ⏳ Route not live yet (HTTP 404). Retrying in 10s...
Thu Mar 12 12:30:28 WAT 2026 ⏳ Route not live yet (HTTP 404). Retrying in 10s...
